ERROR disk failure on /dev/sda
INFO user login successful
ERROR timeout waiting for response
INFO server started on port 8080
WARNING high memory usage detected
ERROR connection refused by remote host
INFO user logout
DEBUG request received at endpoint /api/data
ERROR null pointer exception in module auth
INFO scheduled backup completed
WARNING disk usage above 80 percent
ERROR failed to write to database
INFO new user registered
DEBUG cache miss for key session_42
ERROR service unavailable after 3 retries
INFO health check passed
WARNING response time exceeded threshold
ERROR authentication token expired
INFO file upload completed successfully
DEBUG query executed in 230ms
ERROR out of memory in worker process
INFO email notification sent
WARNING ssl certificate expires in 7 days
ERROR failed to connect to redis
INFO api rate limit reset
DEBUG background job started id 99
ERROR permission denied for user guest
INFO configuration reloaded
WARNING deprecated api endpoint called
ERROR segmentation fault in data parser
